<?xml version="1.0" encoding="UTF-8"?>
<!-- Generated by org.testng.reporters.JUnitReportReporter -->
<testsuite skipped="0" hostname="Rohit-Tester" name="com.lmsauto.classes.HRListUsersRecordsPerPageCountTest" tests="2" failures="0" timestamp="28 Jun 2017 04:24:37 GMT" time="18.024" errors="0">
  <testcase name="pagePerCountTest" time="9.837" classname="com.lmsauto.classes.HRListUsersRecordsPerPageCountTest"/>
  <testcase name="paginationCountTest" time="8.187" classname="com.lmsauto.classes.HRListUsersRecordsPerPageCountTest"/>
</testsuite> <!-- com.lmsauto.classes.HRListUsersRecordsPerPageCountTest -->
