<?xml version="1.0" encoding="UTF-8"?>
<!-- Generated by org.testng.reporters.JUnitReportReporter -->
<testsuite skipped="0" hostname="Rohit-Tester" name="com.lmsauto.classes.HRNewUserCreationTest" tests="1" failures="0" timestamp="27 Jun 2017 12:14:45 GMT" time="62.771" errors="0">
  <testcase name="hrNewUserCreationTest" time="62.771" classname="com.lmsauto.classes.HRNewUserCreationTest"/>
</testsuite> <!-- com.lmsauto.classes.HRNewUserCreationTest -->
